info it worked if it ends with ok
verbose cli [ 'node', '/usr/local/bin/npm', 'publish' ]
info using npm@1.0.105
info using node@v0.6.2
verbose /usr/local/bin/node node symlink
verbose config file /Users/trevor/.npmrc
verbose config file /usr/local/etc/npmrc
verbose config file /usr/local/lib/node_modules/npm/npmrc
verbose publish [ '.' ]
silly testEngine { author: { name: 'Trevor Burnham', url: 'http://trevorburnham.com' },
silly testEngine   name: 'watchit',
silly testEngine   description: 'A sensible wrapper around fs.watch',
silly testEngine   version: '0.0.1',
silly testEngine   engines: { node: '>=0.6.1' },
silly testEngine   homepage: 'http://github.com/TrevorBurnham/Watchit',
silly testEngine   repository: 
silly testEngine    { type: 'git',
silly testEngine      url: 'git://github.com/TrevorBurnham/Watchit.git' },
silly testEngine   main: 'lib/watchit.js',
silly testEngine   devDependencies: { 'coffee-script': '1.1.3', nodeunit: '0.6.2', watchit: '0.0.2' },
silly testEngine   _npmUser: { name: 'TrevorBurnham', email: 'trevorburnham@gmail.com' },
silly testEngine   _id: 'watchit@0.0.1',
silly testEngine   dependencies: {},
silly testEngine   _engineSupported: true,
silly testEngine   _npmVersion: '1.0.105',
silly testEngine   _nodeVersion: 'v0.6.2',
silly testEngine   _defaultsLoaded: true,
silly testEngine   scripts: {} }
verbose caching /Users/trevor/Code/watchit/package.json
verbose loadDefaults watchit@0.0.1
info prepublish watchit@0.0.1
verbose cache add [ '.', null ]
silly cache add: name, spec, args [ undefined, '.', [ '.', null ] ]
verbose parsed url { pathname: '.', path: '.', href: '.' }
silly testEngine { author: { name: 'Trevor Burnham', url: 'http://trevorburnham.com' },
silly testEngine   name: 'watchit',
silly testEngine   description: 'A sensible wrapper around fs.watch',
silly testEngine   version: '0.0.1',
silly testEngine   engines: { node: '>=0.6.1' },
silly testEngine   homepage: 'http://github.com/TrevorBurnham/Watchit',
silly testEngine   repository: 
silly testEngine    { type: 'git',
silly testEngine      url: 'git://github.com/TrevorBurnham/Watchit.git' },
silly testEngine   main: 'lib/watchit.js',
silly testEngine   devDependencies: { 'coffee-script': '1.1.3', nodeunit: '0.6.2', watchit: '0.0.2' },
silly testEngine   _npmUser: { name: 'TrevorBurnham', email: 'trevorburnham@gmail.com' },
silly testEngine   _id: 'watchit@0.0.1',
silly testEngine   dependencies: {},
silly testEngine   _engineSupported: true,
silly testEngine   _npmVersion: '1.0.105',
silly testEngine   _nodeVersion: 'v0.6.2',
silly testEngine   _defaultsLoaded: true,
silly testEngine   path: '/Users/trevor/Code/watchit',
silly testEngine   bundleDependencies: [] }
verbose caching package.json
verbose loadDefaults watchit@0.0.1
verbose pack /Users/trevor/Code/watchit /var/folders/zr/t1dlz5r97lb10hvd4crdgtt80000gn/T/npm-1322083609266/1322083609266-0.17785369604825974/tmp.tgz
silly makeList /Users/trevor/Code/watchit
verbose from cache /Users/trevor/Code/watchit/package.json
verbose mkdir (expected) error ENOENT, no such file or directory '/var/folders/zr/t1dlz5r97lb10hvd4crdgtt80000gn/T/npm-1322083609266'
verbose mkdir (expected) error ENOENT, no such file or directory '/var/folders/zr/t1dlz5r97lb10hvd4crdgtt80000gn/T/npm-1322083609266/1322083609266-0.17785369604825974'
verbose mkdir done: /var/folders/zr/t1dlz5r97lb10hvd4crdgtt80000gn/T/npm-1322083609266/1322083609266-0.17785369604825974 755
verbose mkdir'ed /var/folders/zr/t1dlz5r97lb10hvd4crdgtt80000gn/T/npm-1322083609266/1322083609266-0.17785369604825974
verbose tar about to write tar and gzip it.
silly tar args [ '-czvf', '-', '-T', '-' ]
silly spawning [ 'tar', [ '-czvf', '-', '-T', '-' ], '/Users/trevor/Code' ]
verbose mkdir (expected) error ENOENT, no such file or directory '/var/folders/zr/t1dlz5r97lb10hvd4crdgtt80000gn/T/npm-1322083609266/1322083609266-0.17785369604825974/contents'
verbose mkdir (expected) error ENOENT, no such file or directory '/var/folders/zr/t1dlz5r97lb10hvd4crdgtt80000gn/T/npm-1322083609266/1322083609266-0.17785369604825974/contents/___package.npm'
verbose mkdir done: /var/folders/zr/t1dlz5r97lb10hvd4crdgtt80000gn/T/npm-1322083609266/1322083609266-0.17785369604825974/contents/___package.npm 755
verbose unpack_ uid, gid [ undefined, undefined ]
verbose unpackTarget /var/folders/zr/t1dlz5r97lb10hvd4crdgtt80000gn/T/npm-1322083609266/1322083609266-0.17785369604825974/contents/package
silly gunzTarPerm modes [ '755', '644' ]
silly spawning [ 'tar',
silly spawning   [ '-zmvxpf',
silly spawning     '/var/folders/zr/t1dlz5r97lb10hvd4crdgtt80000gn/T/npm-1322083609266/1322083609266-0.17785369604825974/tmp.tgz' ],
silly spawning   '/var/folders/zr/t1dlz5r97lb10hvd4crdgtt80000gn/T/npm-1322083609266/1322083609266-0.17785369604825974/contents/___package.npm' ]
silly tar err x watchit/.gitignore
silly tar err x watchit/Cakefile
silly tar err x watchit/package.json
silly tar err x watchit/README.mdown
silly tar err x watchit/test.coffee
silly tar err x watchit/lib/watchit.js
silly tar err x watchit/src/watchit.coffee
silly tar err x watchit/test/debounce.coffee
silly tar err x watchit/test/helpers.coffee
silly tar err x watchit/test/include.coffee
silly tar err x watchit/test/recurse.coffee
silly tar err x watchit/test/retain.coffee
silly tar err x watchit/test/fixtures/parent/child.test
silly tar err x watchit/test/fixtures/chain/1.test
silly tar err x watchit/test/fixtures/chain/2.test
silly tar exit 0
silly asyncMap in gTP /var/folders/zr/t1dlz5r97lb10hvd4crdgtt80000gn/T/npm-1322083609266/1322083609266-0.17785369604825974/contents/___package.npm/watchit
silly asyncMap in gTP /var/folders/zr/t1dlz5r97lb10hvd4crdgtt80000gn/T/npm-1322083609266/1322083609266-0.17785369604825974/contents/___package.npm/watchit/.gitignore
silly asyncMap in gTP /var/folders/zr/t1dlz5r97lb10hvd4crdgtt80000gn/T/npm-1322083609266/1322083609266-0.17785369604825974/contents/___package.npm/watchit/Cakefile
silly asyncMap in gTP /var/folders/zr/t1dlz5r97lb10hvd4crdgtt80000gn/T/npm-1322083609266/1322083609266-0.17785369604825974/contents/___package.npm/watchit/package.json
silly asyncMap in gTP /var/folders/zr/t1dlz5r97lb10hvd4crdgtt80000gn/T/npm-1322083609266/1322083609266-0.17785369604825974/contents/___package.npm/watchit/README.mdown
silly asyncMap in gTP /var/folders/zr/t1dlz5r97lb10hvd4crdgtt80000gn/T/npm-1322083609266/1322083609266-0.17785369604825974/contents/___package.npm/watchit/test.coffee
silly asyncMap in gTP /var/folders/zr/t1dlz5r97lb10hvd4crdgtt80000gn/T/npm-1322083609266/1322083609266-0.17785369604825974/contents/___package.npm/watchit/lib
silly asyncMap in gTP /var/folders/zr/t1dlz5r97lb10hvd4crdgtt80000gn/T/npm-1322083609266/1322083609266-0.17785369604825974/contents/___package.npm/watchit/lib/watchit.js
silly asyncMap in gTP /var/folders/zr/t1dlz5r97lb10hvd4crdgtt80000gn/T/npm-1322083609266/1322083609266-0.17785369604825974/contents/___package.npm/watchit/src
silly asyncMap in gTP /var/folders/zr/t1dlz5r97lb10hvd4crdgtt80000gn/T/npm-1322083609266/1322083609266-0.17785369604825974/contents/___package.npm/watchit/src/watchit.coffee
silly asyncMap in gTP /var/folders/zr/t1dlz5r97lb10hvd4crdgtt80000gn/T/npm-1322083609266/1322083609266-0.17785369604825974/contents/___package.npm/watchit/test
silly asyncMap in gTP /var/folders/zr/t1dlz5r97lb10hvd4crdgtt80000gn/T/npm-1322083609266/1322083609266-0.17785369604825974/contents/___package.npm/watchit/test/debounce.coffee
silly asyncMap in gTP /var/folders/zr/t1dlz5r97lb10hvd4crdgtt80000gn/T/npm-1322083609266/1322083609266-0.17785369604825974/contents/___package.npm/watchit/test/helpers.coffee
silly asyncMap in gTP /var/folders/zr/t1dlz5r97lb10hvd4crdgtt80000gn/T/npm-1322083609266/1322083609266-0.17785369604825974/contents/___package.npm/watchit/test/include.coffee
silly asyncMap in gTP /var/folders/zr/t1dlz5r97lb10hvd4crdgtt80000gn/T/npm-1322083609266/1322083609266-0.17785369604825974/contents/___package.npm/watchit/test/recurse.coffee
silly asyncMap in gTP /var/folders/zr/t1dlz5r97lb10hvd4crdgtt80000gn/T/npm-1322083609266/1322083609266-0.17785369604825974/contents/___package.npm/watchit/test/retain.coffee
silly asyncMap in gTP /var/folders/zr/t1dlz5r97lb10hvd4crdgtt80000gn/T/npm-1322083609266/1322083609266-0.17785369604825974/contents/___package.npm/watchit/test/fixtures
silly asyncMap in gTP /var/folders/zr/t1dlz5r97lb10hvd4crdgtt80000gn/T/npm-1322083609266/1322083609266-0.17785369604825974/contents/___package.npm/watchit/test/fixtures/chain
silly asyncMap in gTP /var/folders/zr/t1dlz5r97lb10hvd4crdgtt80000gn/T/npm-1322083609266/1322083609266-0.17785369604825974/contents/___package.npm/watchit/test/fixtures/chain/1.test
silly asyncMap in gTP /var/folders/zr/t1dlz5r97lb10hvd4crdgtt80000gn/T/npm-1322083609266/1322083609266-0.17785369604825974/contents/___package.npm/watchit/test/fixtures/chain/2.test
silly asyncMap in gTP /var/folders/zr/t1dlz5r97lb10hvd4crdgtt80000gn/T/npm-1322083609266/1322083609266-0.17785369604825974/contents/___package.npm/watchit/test/fixtures/parent
silly asyncMap in gTP /var/folders/zr/t1dlz5r97lb10hvd4crdgtt80000gn/T/npm-1322083609266/1322083609266-0.17785369604825974/contents/___package.npm/watchit/test/fixtures/parent/child.test
verbose gunzed /var/folders/zr/t1dlz5r97lb10hvd4crdgtt80000gn/T/npm-1322083609266/1322083609266-0.17785369604825974/contents/___package.npm/watchit
verbose rm'ed /var/folders/zr/t1dlz5r97lb10hvd4crdgtt80000gn/T/npm-1322083609266/1322083609266-0.17785369604825974/contents/package
verbose renamed [ '/var/folders/zr/t1dlz5r97lb10hvd4crdgtt80000gn/T/npm-1322083609266/1322083609266-0.17785369604825974/contents/___package.npm/watchit',
verbose renamed   '/var/folders/zr/t1dlz5r97lb10hvd4crdgtt80000gn/T/npm-1322083609266/1322083609266-0.17785369604825974/contents/package' ]
silly testEngine { author: { name: 'Trevor Burnham', url: 'http://trevorburnham.com' },
silly testEngine   name: 'watchit',
silly testEngine   description: 'A sensible wrapper around fs.watch',
silly testEngine   version: '0.0.1',
silly testEngine   engines: { node: '>=0.6.1' },
silly testEngine   homepage: 'http://github.com/TrevorBurnham/Watchit',
silly testEngine   repository: 
silly testEngine    { type: 'git',
silly testEngine      url: 'git://github.com/TrevorBurnham/Watchit.git' },
silly testEngine   main: 'lib/watchit.js',
silly testEngine   devDependencies: { 'coffee-script': '1.1.3', nodeunit: '0.6.2', watchit: '0.0.2' },
silly testEngine   _npmUser: { name: 'TrevorBurnham', email: 'trevorburnham@gmail.com' },
silly testEngine   _id: 'watchit@0.0.1',
silly testEngine   dependencies: {},
silly testEngine   _engineSupported: true,
silly testEngine   _npmVersion: '1.0.105',
silly testEngine   _nodeVersion: 'v0.6.2',
silly testEngine   _defaultsLoaded: true,
silly testEngine   path: '/var/folders/zr/t1dlz5r97lb10hvd4crdgtt80000gn/T/npm-1322083609266/1322083609266-0.17785369604825974/contents/package' }
verbose caching /var/folders/zr/t1dlz5r97lb10hvd4crdgtt80000gn/T/npm-1322083609266/1322083609266-0.17785369604825974/contents/package/package.json
verbose loadDefaults watchit@0.0.1
verbose tarball contents [ 'package' ]
verbose from cache /var/folders/zr/t1dlz5r97lb10hvd4crdgtt80000gn/T/npm-1322083609266/1322083609266-0.17785369604825974/contents/package/package.json
verbose pack /var/folders/zr/t1dlz5r97lb10hvd4crdgtt80000gn/T/npm-1322083609266/1322083609266-0.17785369604825974/contents/package /Users/trevor/.npm/watchit/0.0.1/package.tgz
silly makeList /var/folders/zr/t1dlz5r97lb10hvd4crdgtt80000gn/T/npm-1322083609266/1322083609266-0.17785369604825974/contents/package
verbose mkdir'ed /Users/trevor/.npm/watchit/0.0.1
verbose tar about to write tar and gzip it.
silly tar args [ '-czvf', '-', '-T', '-' ]
silly spawning [ 'tar',
silly spawning   [ '-czvf', '-', '-T', '-' ],
silly spawning   '/var/folders/zr/t1dlz5r97lb10hvd4crdgtt80000gn/T/npm-1322083609266/1322083609266-0.17785369604825974/contents' ]
verbose mkdir (expected) error ENOENT, no such file or directory '/Users/trevor/.npm/watchit/0.0.1/___package.npm'
verbose mkdir done: /Users/trevor/.npm/watchit/0.0.1/___package.npm 755
verbose unpack_ uid, gid [ undefined, undefined ]
verbose unpackTarget /Users/trevor/.npm/watchit/0.0.1/package
silly gunzTarPerm modes [ '755', '644' ]
silly spawning [ 'tar',
silly spawning   [ '-zmvxpf', '/Users/trevor/.npm/watchit/0.0.1/package.tgz' ],
silly spawning   '/Users/trevor/.npm/watchit/0.0.1/___package.npm' ]
silly tar err x package/.gitignore
silly tar err x package/Cakefile
silly tar err x package/package.json
silly tar err x package/README.mdown
silly tar err x package/test.coffee
silly tar err x package/lib/watchit.js
silly tar err x package/src/watchit.coffee
silly tar err x package/test/debounce.coffee
silly tar err x package/test/helpers.coffee
silly tar err x package/test/include.coffee
silly tar err x package/test/recurse.coffee
silly tar err x package/test/retain.coffee
silly tar err x package/test/fixtures/chain/1.test
silly tar err x package/test/fixtures/chain/2.test
silly tar err x package/test/fixtures/parent/child.test
silly tar exit 0
silly asyncMap in gTP /Users/trevor/.npm/watchit/0.0.1/___package.npm/package
silly asyncMap in gTP /Users/trevor/.npm/watchit/0.0.1/___package.npm/package/.gitignore
silly asyncMap in gTP /Users/trevor/.npm/watchit/0.0.1/___package.npm/package/Cakefile
silly asyncMap in gTP /Users/trevor/.npm/watchit/0.0.1/___package.npm/package/package.json
silly asyncMap in gTP /Users/trevor/.npm/watchit/0.0.1/___package.npm/package/README.mdown
silly asyncMap in gTP /Users/trevor/.npm/watchit/0.0.1/___package.npm/package/test.coffee
silly asyncMap in gTP /Users/trevor/.npm/watchit/0.0.1/___package.npm/package/lib
silly asyncMap in gTP /Users/trevor/.npm/watchit/0.0.1/___package.npm/package/lib/watchit.js
silly asyncMap in gTP /Users/trevor/.npm/watchit/0.0.1/___package.npm/package/src
silly asyncMap in gTP /Users/trevor/.npm/watchit/0.0.1/___package.npm/package/src/watchit.coffee
silly asyncMap in gTP /Users/trevor/.npm/watchit/0.0.1/___package.npm/package/test
silly asyncMap in gTP /Users/trevor/.npm/watchit/0.0.1/___package.npm/package/test/debounce.coffee
silly asyncMap in gTP /Users/trevor/.npm/watchit/0.0.1/___package.npm/package/test/helpers.coffee
silly asyncMap in gTP /Users/trevor/.npm/watchit/0.0.1/___package.npm/package/test/include.coffee
silly asyncMap in gTP /Users/trevor/.npm/watchit/0.0.1/___package.npm/package/test/recurse.coffee
silly asyncMap in gTP /Users/trevor/.npm/watchit/0.0.1/___package.npm/package/test/retain.coffee
silly asyncMap in gTP /Users/trevor/.npm/watchit/0.0.1/___package.npm/package/test/fixtures
silly asyncMap in gTP /Users/trevor/.npm/watchit/0.0.1/___package.npm/package/test/fixtures/chain
silly asyncMap in gTP /Users/trevor/.npm/watchit/0.0.1/___package.npm/package/test/fixtures/chain/1.test
silly asyncMap in gTP /Users/trevor/.npm/watchit/0.0.1/___package.npm/package/test/fixtures/chain/2.test
silly asyncMap in gTP /Users/trevor/.npm/watchit/0.0.1/___package.npm/package/test/fixtures/parent
silly asyncMap in gTP /Users/trevor/.npm/watchit/0.0.1/___package.npm/package/test/fixtures/parent/child.test
verbose gunzed /Users/trevor/.npm/watchit/0.0.1/___package.npm/package
verbose rm'ed /Users/trevor/.npm/watchit/0.0.1/package
verbose renamed [ '/Users/trevor/.npm/watchit/0.0.1/___package.npm/package',
verbose renamed   '/Users/trevor/.npm/watchit/0.0.1/package' ]
silly testEngine { author: { name: 'Trevor Burnham', url: 'http://trevorburnham.com' },
silly testEngine   name: 'watchit',
silly testEngine   description: 'A sensible wrapper around fs.watch',
silly testEngine   version: '0.0.1',
silly testEngine   engines: { node: '>=0.6.1' },
silly testEngine   homepage: 'http://github.com/TrevorBurnham/Watchit',
silly testEngine   repository: 
silly testEngine    { type: 'git',
silly testEngine      url: 'git://github.com/TrevorBurnham/Watchit.git' },
silly testEngine   main: 'lib/watchit.js',
silly testEngine   devDependencies: { 'coffee-script': '1.1.3', nodeunit: '0.6.2', watchit: '0.0.2' },
silly testEngine   _npmUser: { name: 'TrevorBurnham', email: 'trevorburnham@gmail.com' },
silly testEngine   _id: 'watchit@0.0.1',
silly testEngine   dependencies: {},
silly testEngine   _engineSupported: true,
silly testEngine   _npmVersion: '1.0.105',
silly testEngine   _nodeVersion: 'v0.6.2',
silly testEngine   _defaultsLoaded: true,
silly testEngine   dist: 
silly testEngine    { shasum: '98d0abe5e426fc2bbe6edc253f290edebf6a4b8c',
silly testEngine      tarball: 'http://registry.npmjs.org/watchit/-/watchit-0.0.1.tgz' } }
verbose caching /Users/trevor/.npm/watchit/0.0.1/package/package.json
verbose loadDefaults watchit@0.0.1
silly updated sha bytes 10240
info shasum 98d0abe5e426fc2bbe6edc253f290edebf6a4b8c
info shasum /Users/trevor/.npm/watchit/0.0.1/package.tgz
verbose from cache /Users/trevor/.npm/watchit/0.0.1/package/package.json
verbose chmod /Users/trevor/.npm/watchit/0.0.1/package.tgz 644
verbose chown [ '/Users/trevor/.npm/watchit/0.0.1/package.tgz', 501, 20 ]
silly publish { author: { name: 'Trevor Burnham', url: 'http://trevorburnham.com' },
silly publish   name: 'watchit',
silly publish   description: 'A sensible wrapper around fs.watch',
silly publish   version: '0.0.1',
silly publish   engines: { node: '>=0.6.1' },
silly publish   homepage: 'http://github.com/TrevorBurnham/Watchit',
silly publish   repository: 
silly publish    { type: 'git',
silly publish      url: 'git://github.com/TrevorBurnham/Watchit.git' },
silly publish   main: 'lib/watchit.js',
silly publish   devDependencies: { 'coffee-script': '1.1.3', nodeunit: '0.6.2', watchit: '0.0.2' },
silly publish   _npmUser: { name: 'TrevorBurnham', email: 'trevorburnham@gmail.com' },
silly publish   _id: 'watchit@0.0.1',
silly publish   dependencies: {},
silly publish   _engineSupported: true,
silly publish   _npmVersion: '1.0.105',
silly publish   _nodeVersion: 'v0.6.2',
silly publish   _defaultsLoaded: true,
silly publish   dist: 
silly publish    { shasum: '98d0abe5e426fc2bbe6edc253f290edebf6a4b8c',
silly publish      tarball: 'http://registry.npmjs.org/watchit/-/watchit-0.0.1.tgz' } }
verbose PUT watchit
verbose raw, before any munging watchit
verbose url resolving [ 'https://registry.npmjs.org/', './watchit' ]
verbose url resolved https://registry.npmjs.org/watchit
verbose GET watchit
verbose raw, before any munging watchit
verbose url resolving [ 'https://registry.npmjs.org/', './watchit' ]
verbose url resolved https://registry.npmjs.org/watchit
info Already published watchit@0.0.1
verbose uploading bin dists []
ERR! publish fail Cannot publish over existing version.
ERR! publish fail Bump the 'version' field, set the --force flag, or
ERR! publish fail     npm unpublish 'watchit@0.0.1'
ERR! publish fail and try again
ERR! 
ERR! System Darwin 11.2.0
ERR! command "node" "/usr/local/bin/npm" "publish"
ERR! cwd /Users/trevor/Code/watchit
ERR! node -v v0.6.2
ERR! npm -v 1.0.105
ERR! code EPUBLISHCONFLICT
verbose exit [ 1, true ]
